
--------
Session start: 2025-07-03 18:41:57
RC0 calibration successful
Applied antenna tuning: TUN_CAP=8
2025-07-03 18:41:57 - Interference (INT_D), Event 1

--------
Session start: 2025-07-03 18:43:19
RC0 calibration successful
Applied antenna tuning: TUN_CAP=8
2025-07-03 18:43:19 - Interference (INT_D), Event 1
2025-07-03 21:16:42 - Interference (INT_D), Event 2
2025-07-03 21:20:09 - Interference (INT_D), Event 3
2025-07-03 21:20:41 - Interference (INT_D), Event 4
2025-07-03 21:20:46 - Interference (INT_D), Event 5
2025-07-03 21:21:49 - Interference (INT_D), Event 6
2025-07-03 21:22:51 - Interference (INT_D), Event 7
2025-07-03 21:23:09 - Interference (INT_D), Event 8
2025-07-03 21:23:20 - Interference (INT_D), Event 9
2025-07-03 21:23:41 - Interference (INT_D), Event 10
2025-07-03 21:24:17 - Interference (INT_D), Event 11
2025-07-03 21:24:18 - Interference (INT_D), Event 12
2025-07-03 21:24:21 - Interference (INT_D), Event 13
2025-07-03 21:25:18 - Interference (INT_D), Event 14
2025-07-03 21:26:06 - Interference (INT_D), Event 15
2025-07-03 21:26:34 - Interference (INT_D), Event 16
2025-07-03 21:26:36 - Interference (INT_D), Event 17
2025-07-03 21:27:18 - Interference (INT_D), Event 18
2025-07-03 21:27:21 - Interference (INT_D), Event 19
2025-07-03 21:28:07 - Interference (INT_D), Event 20
2025-07-03 21:28:30 - Interference (INT_D), Event 21
2025-07-03 21:28:51 - Interference (INT_D), Event 22
2025-07-03 21:29:48 - Interference (INT_D), Event 23
2025-07-03 21:30:08 - Interference (INT_D), Event 24
2025-07-03 21:30:10 - Interference (INT_D), Event 25
2025-07-03 21:30:22 - Interference (INT_D), Event 26
2025-07-03 21:30:52 - Interference (INT_D), Event 27
2025-07-03 21:30:58 - Interference (INT_D), Event 28
2025-07-03 21:32:02 - Interference (INT_D), Event 29
2025-07-03 21:32:19 - Interference (INT_D), Event 30
2025-07-03 21:32:42 - Interference (INT_D), Event 31
2025-07-03 21:32:45 - Interference (INT_D), Event 32
2025-07-03 21:33:29 - Interference (INT_D), Event 33
2025-07-03 21:33:40 - Interference (INT_D), Event 34
2025-07-03 21:33:47 - Interference (INT_D), Event 35
2025-07-03 21:34:21 - Interference (INT_D), Event 36
2025-07-03 21:35:03 - Interference (INT_D), Event 37
2025-07-03 21:35:43 - Interference (INT_D), Event 38
2025-07-03 21:36:07 - Interference (INT_D), Event 39
2025-07-03 21:36:32 - Interference (INT_D), Event 40
2025-07-03 21:36:55 - Interference (INT_D), Event 41
2025-07-03 21:38:46 - Interference (INT_D), Event 42
2025-07-03 21:40:19 - Interference (INT_D), Event 43
2025-07-03 21:43:46 - Interference (INT_D), Event 44
2025-07-03 21:45:26 - Interference (INT_D), Event 45
2025-07-03 21:46:27 - Interference (INT_D), Event 46
2025-07-03 21:49:18 - Interference (INT_D), Event 47
2025-07-03 21:58:14 - Interference (INT_D), Event 48
2025-07-03 22:02:02 - Interference (INT_D), Event 49
2025-07-03 22:25:57 - Interference (INT_D), Event 50
2025-07-03 22:48:55 - Interference (INT_D), Event 51
2025-07-03 22:52:57 - Interference (INT_D), Event 52
2025-07-03 22:53:27 - Interference (INT_D), Event 53
2025-07-03 22:54:04 - Interference (INT_D), Event 54
2025-07-03 22:55:05 - Interference (INT_D), Event 55
2025-07-03 22:57:19 - Interference (INT_D), Event 56
2025-07-03 22:58:27 - Interference (INT_D), Event 57
2025-07-03 22:59:03 - Interference (INT_D), Event 58
2025-07-03 22:59:39 - Interference (INT_D), Event 59
2025-07-03 23:00:12 - Interference (INT_D), Event 60
2025-07-03 23:00:14 - Interference (INT_D), Event 61
2025-07-03 23:01:14 - Interference (INT_D), Event 62
2025-07-03 23:01:25 - Interference (INT_D), Event 63
2025-07-03 23:02:20 - Interference (INT_D), Event 64
2025-07-03 23:02:33 - Interference (INT_D), Event 65
2025-07-03 23:03:31 - Interference (INT_D), Event 66
2025-07-03 23:03:36 - Interference (INT_D), Event 67
2025-07-03 23:04:23 - Interference (INT_D), Event 68
2025-07-03 23:05:18 - Interference (INT_D), Event 69
2025-07-03 23:05:47 - Interference (INT_D), Event 70
2025-07-03 23:06:20 - Interference (INT_D), Event 71
2025-07-03 23:06:57 - Interference (INT_D), Event 72
2025-07-03 23:07:06 - Interference (INT_D), Event 73
2025-07-03 23:08:27 - Interference (INT_D), Event 74
2025-07-03 23:08:50 - Interference (INT_D), Event 75
2025-07-03 23:08:59 - Interference (INT_D), Event 76
2025-07-03 23:09:18 - Interference (INT_D), Event 77
2025-07-03 23:09:55 - Interference (INT_D), Event 78
2025-07-03 23:10:22 - Interference (INT_D), Event 79
2025-07-03 23:10:24 - Interference (INT_D), Event 80
2025-07-03 23:10:57 - Interference (INT_D), Event 81
2025-07-03 23:11:16 - Interference (INT_D), Event 82
2025-07-03 23:11:31 - Interference (INT_D), Event 83
2025-07-03 23:12:02 - Interference (INT_D), Event 84
2025-07-03 23:12:26 - Interference (INT_D), Event 85
2025-07-03 23:12:40 - Interference (INT_D), Event 86
2025-07-03 23:13:03 - Interference (INT_D), Event 87
2025-07-03 23:14:22 - Interference (INT_D), Event 88
2025-07-03 23:15:02 - Interference (INT_D), Event 89
2025-07-03 23:15:13 - Interference (INT_D), Event 90
2025-07-03 23:15:51 - Interference (INT_D), Event 91
2025-07-03 23:16:40 - Interference (INT_D), Event 92
2025-07-03 23:17:18 - Interference (INT_D), Event 93
2025-07-03 23:17:29 - Interference (INT_D), Event 94
2025-07-03 23:18:02 - Interference (INT_D), Event 95
2025-07-03 23:18:21 - Interference (INT_D), Event 96
2025-07-03 23:19:10 - Interference (INT_D), Event 97
2025-07-03 23:19:59 - Interference (INT_D), Event 98
2025-07-03 23:20:28 - Interference (INT_D), Event 99
2025-07-03 23:21:10 - Interference (INT_D), Event 100
2025-07-03 23:21:33 - Interference (INT_D), Event 101
2025-07-03 23:32:12 - Interference (INT_D), Event 102
2025-07-03 23:34:03 - Interference (INT_D), Event 103
2025-07-03 23:35:00 - Interference (INT_D), Event 104
2025-07-03 23:36:03 - Interference (INT_D), Event 105
2025-07-03 23:39:59 - Interference (INT_D), Event 106
2025-07-03 23:42:06 - Interference (INT_D), Event 107
2025-07-03 23:42:48 - Interference (INT_D), Event 108
2025-07-03 23:44:26 - Interference (INT_D), Event 109
2025-07-03 23:47:02 - Interference (INT_D), Event 110
2025-07-03 23:47:51 - Interference (INT_D), Event 111
2025-07-03 23:47:52 - Interference (INT_D), Event 112
2025-07-03 23:49:55 - Interference (INT_D), Event 113
2025-07-03 23:50:22 - Interference (INT_D), Event 114
2025-07-03 23:52:44 - Interference (INT_D), Event 115
2025-07-03 23:53:41 - Interference (INT_D), Event 116
2025-07-03 23:54:13 - Interference (INT_D), Event 117
2025-07-03 23:57:50 - Interference (INT_D), Event 118
2025-07-03 23:58:32 - Interference (INT_D), Event 119
2025-07-04 00:03:12 - Interference (INT_D), Event 120
2025-07-04 00:04:29 - Interference (INT_D), Event 121
2025-07-04 01:22:16 - Interference (INT_D), Event 122
2025-07-04 02:13:57 - Interference (INT_D), Event 123
2025-07-04 07:22:17 - Interference (INT_D), Event 124
2025-07-04 07:27:53 - Interference (INT_D), Event 125
2025-07-04 09:31:16 - Interference (INT_D), Event 126
2025-07-04 10:02:39 - Interference (INT_D), Event 127
2025-07-04 10:20:46 - Interference (INT_D), Event 128
2025-07-04 11:46:54 - Interference (INT_D), Event 129
2025-07-04 12:05:56 - Interference (INT_D), Event 130
2025-07-04 12:37:45 - Interference (INT_D), Event 131
2025-07-04 14:17:50 - Interference (INT_D), Event 132
2025-07-04 14:22:47 - Interference (INT_D), Event 133
2025-07-04 17:17:31 - Interference (INT_D), Event 134
2025-07-04 17:31:14 - Interference (INT_D), Event 135
2025-07-04 18:09:54 - Interference (INT_D), Event 136
2025-07-05 01:00:35 - Interference (INT_D), Event 137
2025-07-05 01:08:48 - Interference (INT_D), Event 138
2025-07-05 01:09:21 - Interference (INT_D), Event 139
2025-07-05 01:14:30 - Interference (INT_D), Event 140
2025-07-05 01:17:31 - Interference (INT_D), Event 141
2025-07-05 01:20:59 - Interference (INT_D), Event 142
2025-07-05 01:22:02 - Interference (INT_D), Event 143
2025-07-05 01:22:47 - Interference (INT_D), Event 144
2025-07-05 01:23:04 - Interference (INT_D), Event 145
2025-07-05 01:26:43 - Interference (INT_D), Event 146
2025-07-05 01:29:21 - Interference (INT_D), Event 147
2025-07-05 01:32:29 - Interference (INT_D), Event 148
2025-07-05 01:37:04 - Interference (INT_D), Event 149
2025-07-05 01:46:37 - Interference (INT_D), Event 150
2025-07-05 01:49:17 - Interference (INT_D), Event 151
2025-07-05 01:53:22 - Interference (INT_D), Event 152
2025-07-05 01:59:02 - Interference (INT_D), Event 153
2025-07-05 02:03:43 - Interference (INT_D), Event 154
2025-07-05 02:04:25 - Interference (INT_D), Event 155
2025-07-05 02:04:29 - Interference (INT_D), Event 156
2025-07-05 02:22:25 - Interference (INT_D), Event 157
2025-07-05 02:34:22 - Interference (INT_D), Event 158
2025-07-05 02:38:14 - Interference (INT_D), Event 159
2025-07-05 02:38:46 - Interference (INT_D), Event 160
2025-07-05 02:45:53 - Interference (INT_D), Event 161
2025-07-05 02:52:04 - Interference (INT_D), Event 162
2025-07-05 02:58:42 - Interference (INT_D), Event 163
2025-07-07 07:18:17 - Interference (INT_D), Event 164
2025-07-07 10:07:38 - Interference (INT_D), Event 165
2025-07-07 10:35:30 - Interference (INT_D), Event 166
2025-07-07 10:57:54 - Interference (INT_D), Event 167
2025-07-07 10:58:18 - Interference (INT_D), Event 168
2025-07-07 10:59:11 - Interference (INT_D), Event 169
2025-07-07 11:00:33 - Interference (INT_D), Event 170
2025-07-07 11:01:10 - Interference (INT_D), Event 171
2025-07-07 11:37:32 - Interference (INT_D), Event 172
2025-07-07 12:05:38 - Interference (INT_D), Event 173
2025-07-07 12:25:17 - Interference (INT_D), Event 174
2025-07-07 12:33:02 - Interference (INT_D), Event 175
2025-07-07 12:53:59 - Interference (INT_D), Event 176
2025-07-07 13:03:21 - Interference (INT_D), Event 177
2025-07-07 13:19:19 - Interference (INT_D), Event 178
2025-07-07 13:19:44 - Interference (INT_D), Event 179
2025-07-07 14:06:29 - Interference (INT_D), Event 180
2025-07-07 14:06:56 - Interference (INT_D), Event 181
2025-07-07 15:58:43 - Interference (INT_D), Event 182
2025-07-07 16:25:55 - Interference (INT_D), Event 183
2025-07-07 17:01:15 - Interference (INT_D), Event 184
2025-07-07 17:48:51 - Interference (INT_D), Event 185
2025-07-07 18:09:45 - Interference (INT_D), Event 186
2025-07-07 18:49:08 - Interference (INT_D), Event 187
2025-07-07 20:02:53 - Interference (INT_D), Event 188
2025-07-08 09:15:42 - Interference (INT_D), Event 189
2025-07-08 09:16:40 - Interference (INT_D), Event 190
2025-07-08 09:55:16 - Interference (INT_D), Event 191
2025-07-08 10:10:16 - Interference (INT_D), Event 192
2025-07-08 10:30:12 - Interference (INT_D), Event 193
2025-07-08 10:43:16 - Interference (INT_D), Event 194
2025-07-08 10:46:56 - Interference (INT_D), Event 195
2025-07-08 10:50:01 - Interference (INT_D), Event 196
2025-07-08 10:58:26 - Interference (INT_D), Event 197
2025-07-08 10:59:14 - Interference (INT_D), Event 198
2025-07-08 11:01:56 - Interference (INT_D), Event 199
2025-07-08 11:09:03 - Interference (INT_D), Event 200
