Inicio de sesi贸n: Mon May 12 11:05:28 2025

Calibraci贸n RCO exitosa
Inicio de sesi贸n: Mon May 12 11:12:01 2025

Calibraci贸n RCO exitosa
2025-05-12 15:21:30 - Interferencia (INT_D), Evento 1
2025-05-13 07:20:56 - Interferencia (INT_D), Evento 2
2025-05-13 09:57:24 - Interferencia (INT_D), Evento 3
2025-05-13 14:35:09 - Interferencia (INT_D), Evento 4
2025-05-14 09:09:13 - Interferencia (INT_D), Evento 5
2025-05-14 10:17:10 - Interferencia (INT_D), Evento 6
2025-05-14 10:18:28 - Interferencia (INT_D), Evento 7
2025-05-16 08:49:49 - Interferencia (INT_D), Evento 8
2025-05-16 09:03:11 - Interferencia (INT_D), Evento 9
2025-05-16 10:40:24 - Interferencia (INT_D), Evento 10
2025-05-16 11:23:28 - Interferencia (INT_D), Evento 11
2025-05-18 14:39:26 - Interferencia (INT_D), Evento 12
2025-05-19 09:58:13 - Interferencia (INT_D), Evento 13
2025-05-20 17:49:19 - Interferencia (INT_D), Evento 14
2025-05-21 08:43:56 - Interferencia (INT_D), Evento 15
2025-05-21 09:43:29 - Interferencia (INT_D), Evento 16
2025-05-21 13:39:05 - Interferencia (INT_D), Evento 17
2025-05-21 13:47:22 - Interferencia (INT_D), Evento 18
2025-05-21 14:00:29 - Interferencia (INT_D), Evento 19
2025-05-21 15:31:56 - Interferencia (INT_D), Evento 20
2025-05-21 17:07:20 - Interferencia (INT_D), Evento 21
2025-05-23 08:15:01 - Interferencia (INT_D), Evento 22
2025-05-23 09:23:18 - Interferencia (INT_D), Evento 23
2025-05-23 10:01:22 - Interferencia (INT_D), Evento 24
2025-05-23 10:19:39 - Interferencia (INT_D), Evento 25
2025-05-23 12:14:23 - Interferencia (INT_D), Evento 26
2025-05-23 13:25:40 - Interferencia (INT_D), Evento 27
2025-05-23 13:56:46 - Interferencia (INT_D), Evento 28
2025-05-23 13:57:24 - Interferencia (INT_D), Evento 29
2025-05-23 15:34:08 - Interferencia (INT_D), Evento 30
2025-05-23 18:30:47 - Interferencia (INT_D), Evento 31
2025-05-26 07:11:08 - Interferencia (INT_D), Evento 32
2025-05-26 08:00:04 - Interferencia (INT_D), Evento 33
2025-05-26 10:47:44 - Interferencia (INT_D), Evento 34
2025-05-26 10:48:41 - Interferencia (INT_D), Evento 35
2025-05-26 10:48:51 - Interferencia (INT_D), Evento 36
2025-05-26 10:49:01 - Interferencia (INT_D), Evento 37
2025-05-26 10:58:13 - Interferencia (INT_D), Evento 38

--------
Session start: 2025-05-26 12:31:04
RC0 calibration successful

--------
Session start: 2025-05-26 12:31:26
RC0 calibration successful
2025-05-26 12:31:38 - High noise level (INT_NH)
2025-05-26 12:31:38 - High noise level (INT_NH)
2025-05-26 12:31:38 - High noise level (INT_NH)
2025-05-26 12:31:38 - High noise level (INT_NH)
2025-05-26 12:31:38 - High noise level (INT_NH)
2025-05-26 12:31:39 - High noise level (INT_NH)

--------
Session start: 2025-05-26 12:34:29
RC0 calibration successful

--------
Session start: 2025-05-26 13:01:02
RC0 calibration successful
